{"/Users/Ansari/Documents/rnprojects/others/UXBERTLabs/src/assets/colors.js": {"path":"/Users/Ansari/Documents/rnprojects/others/UXBERTLabs/src/assets/colors.js","statementMap":{"0":{"start":{"line":1,"column":13},"end":{"line":1,"column":75}},"1":{"start":{"line":1,"column":75},"end":{"line":1,"column":99}},"2":{"start":{"line":1,"column":112},"end":{"line":3,"column":21}},"3":{"start":{"line":3,"column":22},"end":{"line":3,"column":46}}},"fnMap":{},"branchMap":{},"s":{"0":1,"1":1,"2":1,"3":1},"f":{},"b":{},"inputSourceMap":null,"_coverageSchema":"1a1c01bbd47fc00a2c39e90264f33305004495a9","hash":"d13b8f8624bc09c3ba4ef54ceb492ac65a379774"}
,"/Users/Ansari/Documents/rnprojects/others/UXBERTLabs/src/commonComponents/GButton.js": {"path":"/Users/Ansari/Documents/rnprojects/others/UXBERTLabs/src/commonComponents/GButton.js","statementMap":{"0":{"start":{"line":1,"column":42},"end":{"line":1,"column":97}},"1":{"start":{"line":1,"column":98},"end":{"line":1,"column":160}},"2":{"start":{"line":1,"column":160},"end":{"line":1,"column":185}},"3":{"start":{"line":1,"column":198},"end":{"line":1,"column":238}},"4":{"start":{"line":3,"column":19},"end":{"line":3,"column":42}},"5":{"start":{"line":8,"column":14},"end":{"line":8,"column":41}},"6":{"start":{"line":8,"column":54},"end":{"line":8,"column":58}},"7":{"start":{"line":8,"column":74},"end":{"line":8,"column":160}},"8":{"start":{"line":10,"column":0},"end":{"line":12,"column":187}},"9":{"start":{"line":10,"column":39},"end":{"line":10,"column":51}},"10":{"start":{"line":10,"column":60},"end":{"line":10,"column":70}},"11":{"start":{"line":10,"column":79},"end":{"line":10,"column":89}},"12":{"start":{"line":10,"column":90},"end":{"line":12,"column":186}},"13":{"start":{"line":12,"column":188},"end":{"line":12,"column":215}},"14":{"start":{"line":16,"column":13},"end":{"line":28,"column":28}}},"fnMap":{"0":{"name":"_default","decl":{"start":{"line":10,"column":9},"end":{"line":10,"column":17}},"loc":{"start":{"line":10,"column":24},"end":{"line":12,"column":187}},"line":10}},"branchMap":{},"s":{"0":1,"1":1,"2":1,"3":1,"4":1,"5":1,"6":1,"7":1,"8":1,"9":0,"10":0,"11":0,"12":0,"13":1,"14":1},"f":{"0":0},"b":{},"inputSourceMap":null,"_coverageSchema":"1a1c01bbd47fc00a2c39e90264f33305004495a9","hash":"2bfa536dac5c9b23d345372b13c02fd6ae16352d"}
,"/Users/Ansari/Documents/rnprojects/others/UXBERTLabs/src/commonComponents/GMovieCard.js": {"path":"/Users/Ansari/Documents/rnprojects/others/UXBERTLabs/src/commonComponents/GMovieCard.js","statementMap":{"0":{"start":{"line":1,"column":42},"end":{"line":1,"column":97}},"1":{"start":{"line":1,"column":98},"end":{"line":1,"column":160}},"2":{"start":{"line":1,"column":160},"end":{"line":1,"column":185}},"3":{"start":{"line":1,"column":198},"end":{"line":1,"column":238}},"4":{"start":{"line":3,"column":19},"end":{"line":3,"column":42}},"5":{"start":{"line":10,"column":14},"end":{"line":10,"column":41}},"6":{"start":{"line":10,"column":54},"end":{"line":10,"column":58}},"7":{"start":{"line":10,"column":74},"end":{"line":10,"column":163}},"8":{"start":{"line":12,"column":0},"end":{"line":21,"column":248}},"9":{"start":{"line":12,"column":43},"end":{"line":12,"column":59}},"10":{"start":{"line":12,"column":74},"end":{"line":12,"column":90}},"11":{"start":{"line":12,"column":109},"end":{"line":12,"column":129}},"12":{"start":{"line":12,"column":137},"end":{"line":12,"column":146}},"13":{"start":{"line":12,"column":147},"end":{"line":21,"column":247}},"14":{"start":{"line":21,"column":83},"end":{"line":21,"column":108}},"15":{"start":{"line":21,"column":249},"end":{"line":21,"column":276}},"16":{"start":{"line":26,"column":13},"end":{"line":34,"column":44}}},"fnMap":{"0":{"name":"_default","decl":{"start":{"line":12,"column":9},"end":{"line":12,"column":17}},"loc":{"start":{"line":12,"column":24},"end":{"line":21,"column":248}},"line":12},"1":{"name":"onPress","decl":{"start":{"line":21,"column":72},"end":{"line":21,"column":79}},"loc":{"start":{"line":21,"column":82},"end":{"line":21,"column":109}},"line":21}},"branchMap":{"0":{"loc":{"start":{"line":20,"column":4},"end":{"line":20,"column":231}},"type":"binary-expr","locations":[{"start":{"line":20,"column":4},"end":{"line":20,"column":19}},{"start":{"line":20,"column":23},"end":{"line":20,"column":231}}],"line":20}},"s":{"0":1,"1":1,"2":1,"3":1,"4":1,"5":1,"6":1,"7":1,"8":1,"9":0,"10":0,"11":0,"12":0,"13":0,"14":0,"15":1,"16":1},"f":{"0":0,"1":0},"b":{"0":[0,0]},"inputSourceMap":null,"_coverageSchema":"1a1c01bbd47fc00a2c39e90264f33305004495a9","hash":"1bdded329be9c9e30148b4450f2651e4a87809d5"}
,"/Users/Ansari/Documents/rnprojects/others/UXBERTLabs/src/commonComponents/GSearchBox.js": {"path":"/Users/Ansari/Documents/rnprojects/others/UXBERTLabs/src/commonComponents/GSearchBox.js","statementMap":{"0":{"start":{"line":1,"column":42},"end":{"line":1,"column":97}},"1":{"start":{"line":1,"column":98},"end":{"line":1,"column":160}},"2":{"start":{"line":1,"column":160},"end":{"line":1,"column":185}},"3":{"start":{"line":3,"column":13},"end":{"line":3,"column":53}},"4":{"start":{"line":5,"column":19},"end":{"line":5,"column":42}},"5":{"start":{"line":10,"column":14},"end":{"line":10,"column":41}},"6":{"start":{"line":10,"column":54},"end":{"line":10,"column":58}},"7":{"start":{"line":10,"column":74},"end":{"line":10,"column":163}},"8":{"start":{"line":12,"column":0},"end":{"line":21,"column":133}},"9":{"start":{"line":12,"column":44},"end":{"line":12,"column":61}},"10":{"start":{"line":12,"column":70},"end":{"line":12,"column":80}},"11":{"start":{"line":12,"column":95},"end":{"line":12,"column":111}},"12":{"start":{"line":12,"column":112},"end":{"line":21,"column":132}},"13":{"start":{"line":21,"column":134},"end":{"line":21,"column":161}},"14":{"start":{"line":26,"column":13},"end":{"line":50,"column":21}}},"fnMap":{"0":{"name":"_default","decl":{"start":{"line":12,"column":9},"end":{"line":12,"column":17}},"loc":{"start":{"line":12,"column":24},"end":{"line":21,"column":133}},"line":12}},"branchMap":{},"s":{"0":1,"1":1,"2":1,"3":1,"4":1,"5":1,"6":1,"7":1,"8":1,"9":1,"10":1,"11":1,"12":1,"13":1,"14":1},"f":{"0":1},"b":{},"inputSourceMap":null,"_coverageSchema":"1a1c01bbd47fc00a2c39e90264f33305004495a9","hash":"556ee33d8911a443583affc4c709e3c17f421308"}
,"/Users/Ansari/Documents/rnprojects/others/UXBERTLabs/src/commonComponents/index.js": {"path":"/Users/Ansari/Documents/rnprojects/others/UXBERTLabs/src/commonComponents/index.js","statementMap":{"0":{"start":{"line":1,"column":42},"end":{"line":1,"column":97}},"1":{"start":{"line":1,"column":98},"end":{"line":1,"column":160}},"2":{"start":{"line":1,"column":160},"end":{"line":1,"column":272}},"3":{"start":{"line":1,"column":243},"end":{"line":1,"column":267}},"4":{"start":{"line":1,"column":272},"end":{"line":1,"column":390}},"5":{"start":{"line":1,"column":358},"end":{"line":1,"column":385}},"6":{"start":{"line":1,"column":390},"end":{"line":1,"column":508}},"7":{"start":{"line":1,"column":476},"end":{"line":1,"column":503}},"8":{"start":{"line":1,"column":508},"end":{"line":1,"column":645}},"9":{"start":{"line":1,"column":606},"end":{"line":1,"column":640}},"10":{"start":{"line":1,"column":660},"end":{"line":1,"column":704}},"11":{"start":{"line":2,"column":18},"end":{"line":2,"column":65}},"12":{"start":{"line":3,"column":18},"end":{"line":3,"column":65}},"13":{"start":{"line":4,"column":25},"end":{"line":4,"column":79}}},"fnMap":{"0":{"name":"get","decl":{"start":{"line":1,"column":236},"end":{"line":1,"column":239}},"loc":{"start":{"line":1,"column":242},"end":{"line":1,"column":268}},"line":1},"1":{"name":"get","decl":{"start":{"line":1,"column":351},"end":{"line":1,"column":354}},"loc":{"start":{"line":1,"column":357},"end":{"line":1,"column":386}},"line":1},"2":{"name":"get","decl":{"start":{"line":1,"column":469},"end":{"line":1,"column":472}},"loc":{"start":{"line":1,"column":475},"end":{"line":1,"column":504}},"line":1},"3":{"name":"get","decl":{"start":{"line":1,"column":599},"end":{"line":1,"column":602}},"loc":{"start":{"line":1,"column":605},"end":{"line":1,"column":641}},"line":1}},"branchMap":{},"s":{"0":1,"1":1,"2":1,"3":0,"4":1,"5":1,"6":1,"7":0,"8":1,"9":0,"10":1,"11":1,"12":1,"13":1},"f":{"0":0,"1":1,"2":0,"3":0},"b":{},"inputSourceMap":null,"_coverageSchema":"1a1c01bbd47fc00a2c39e90264f33305004495a9","hash":"2fb6d54e013a6729f23341fe364fa726e6831c28"}
,"/Users/Ansari/Documents/rnprojects/others/UXBERTLabs/src/commonComponents/withFavGMovieCard.js": {"path":"/Users/Ansari/Documents/rnprojects/others/UXBERTLabs/src/commonComponents/withFavGMovieCard.js","statementMap":{"0":{"start":{"line":1,"column":42},"end":{"line":1,"column":97}},"1":{"start":{"line":1,"column":98},"end":{"line":1,"column":160}},"2":{"start":{"line":1,"column":160},"end":{"line":1,"column":185}},"3":{"start":{"line":1,"column":201},"end":{"line":1,"column":266}},"4":{"start":{"line":1,"column":280},"end":{"line":1,"column":320}},"5":{"start":{"line":2,"column":19},"end":{"line":2,"column":42}},"6":{"start":{"line":5,"column":18},"end":{"line":5,"column":65}},"7":{"start":{"line":5,"column":78},"end":{"line":5,"column":82}},"8":{"start":{"line":5,"column":98},"end":{"line":5,"column":194}},"9":{"start":{"line":7,"column":29},"end":{"line":13,"column":1}},"10":{"start":{"line":8,"column":2},"end":{"line":12,"column":4}},"11":{"start":{"line":9,"column":4},"end":{"line":10,"column":222}},"12":{"start":{"line":16,"column":0},"end":{"line":16,"column":22}},"13":{"start":{"line":16,"column":23},"end":{"line":16,"column":50}}},"fnMap":{"0":{"name":"withFavouriteMovieCard","decl":{"start":{"line":7,"column":38},"end":{"line":7,"column":60}},"loc":{"start":{"line":7,"column":72},"end":{"line":13,"column":1}},"line":7},"1":{"name":"(anonymous_1)","decl":{"start":{"line":8,"column":9},"end":{"line":8,"column":10}},"loc":{"start":{"line":8,"column":26},"end":{"line":12,"column":3}},"line":8}},"branchMap":{},"s":{"0":1,"1":1,"2":1,"3":1,"4":1,"5":1,"6":1,"7":1,"8":1,"9":1,"10":0,"11":0,"12":1,"13":1},"f":{"0":0,"1":0},"b":{},"inputSourceMap":null,"_coverageSchema":"1a1c01bbd47fc00a2c39e90264f33305004495a9","hash":"5d2ac3bde5b42c83375f6272a10e42e608bd9e1d"}
,"/Users/Ansari/Documents/rnprojects/others/UXBERTLabs/src/screens/SearchMovies.js": {"path":"/Users/Ansari/Documents/rnprojects/others/UXBERTLabs/src/screens/SearchMovies.js","statementMap":{"0":{"start":{"line":1,"column":42},"end":{"line":1,"column":97}},"1":{"start":{"line":1,"column":128},"end":{"line":1,"column":184}},"2":{"start":{"line":1,"column":185},"end":{"line":1,"column":247}},"3":{"start":{"line":1,"column":247},"end":{"line":1,"column":272}},"4":{"start":{"line":1,"column":291},"end":{"line":1,"column":352}},"5":{"start":{"line":1,"column":375},"end":{"line":1,"column":446}},"6":{"start":{"line":1,"column":460},"end":{"line":1,"column":501}},"7":{"start":{"line":2,"column":19},"end":{"line":2,"column":42}},"8":{"start":{"line":9,"column":30},"end":{"line":9,"column":90}},"9":{"start":{"line":10,"column":14},"end":{"line":10,"column":64}},"10":{"start":{"line":11,"column":14},"end":{"line":11,"column":41}},"11":{"start":{"line":12,"column":24},"end":{"line":12,"column":56}},"12":{"start":{"line":13,"column":18},"end":{"line":13,"column":83}},"13":{"start":{"line":14,"column":24},"end":{"line":14,"column":71}},"14":{"start":{"line":15,"column":20},"end":{"line":15,"column":77}},"15":{"start":{"line":15,"column":97},"end":{"line":15,"column":179}},"16":{"start":{"line":17,"column":43},"end":{"line":17,"column":47}},"17":{"start":{"line":19,"column":2},"end":{"line":19,"column":26}},"18":{"start":{"line":19,"column":40},"end":{"line":19,"column":82}},"19":{"start":{"line":19,"column":92},"end":{"line":19,"column":105}},"20":{"start":{"line":19,"column":118},"end":{"line":19,"column":131}},"21":{"start":{"line":20,"column":2},"end":{"line":20,"column":26}},"22":{"start":{"line":20,"column":40},"end":{"line":20,"column":83}},"23":{"start":{"line":20,"column":93},"end":{"line":20,"column":106}},"24":{"start":{"line":20,"column":119},"end":{"line":20,"column":132}},"25":{"start":{"line":22,"column":21},"end":{"line":31,"column":104}},"26":{"start":{"line":22,"column":84},"end":{"line":31,"column":103}},"27":{"start":{"line":22,"column":152},"end":{"line":31,"column":73}},"28":{"start":{"line":22,"column":163},"end":{"line":31,"column":72}},"29":{"start":{"line":23,"column":12},"end":{"line":26,"column":30}},"30":{"start":{"line":26,"column":30},"end":{"line":26,"column":48}},"31":{"start":{"line":26,"column":48},"end":{"line":28,"column":76}},"32":{"start":{"line":28,"column":83},"end":{"line":28,"column":106}},"33":{"start":{"line":29,"column":12},"end":{"line":29,"column":31}},"34":{"start":{"line":30,"column":12},"end":{"line":30,"column":33}},"35":{"start":{"line":31,"column":12},"end":{"line":31,"column":30}},"36":{"start":{"line":31,"column":48},"end":{"line":31,"column":71}},"37":{"start":{"line":34,"column":22},"end":{"line":36,"column":5}},"38":{"start":{"line":35,"column":47},"end":{"line":35,"column":80}},"39":{"start":{"line":39,"column":25},"end":{"line":44,"column":3}},"40":{"start":{"line":40,"column":4},"end":{"line":40,"column":27}},"41":{"start":{"line":41,"column":4},"end":{"line":43,"column":5}},"42":{"start":{"line":42,"column":6},"end":{"line":42,"column":33}},"43":{"start":{"line":46,"column":18},"end":{"line":49,"column":134}},"44":{"start":{"line":51,"column":24},"end":{"line":54,"column":3}},"45":{"start":{"line":52,"column":4},"end":{"line":52,"column":86}},"46":{"start":{"line":53,"column":4},"end":{"line":53,"column":76}},"47":{"start":{"line":56,"column":20},"end":{"line":64,"column":3}},"48":{"start":{"line":57,"column":23},"end":{"line":61,"column":27}},"49":{"start":{"line":63,"column":4},"end":{"line":63,"column":43}},"50":{"start":{"line":65,"column":20},"end":{"line":66,"column":3}},"51":{"start":{"line":68,"column":24},"end":{"line":72,"column":137}},"52":{"start":{"line":68,"column":56},"end":{"line":72,"column":136}},"53":{"start":{"line":75,"column":20},"end":{"line":76,"column":245}},"54":{"start":{"line":75,"column":44},"end":{"line":76,"column":244}},"55":{"start":{"line":79,"column":2},"end":{"line":85,"column":143}},"56":{"start":{"line":82,"column":56},"end":{"line":82,"column":65}},"57":{"start":{"line":82,"column":66},"end":{"line":82,"column":95}},"58":{"start":{"line":83,"column":49},"end":{"line":83,"column":68}},"59":{"start":{"line":91,"column":13},"end":{"line":93,"column":27}},"60":{"start":{"line":96,"column":0},"end":{"line":96,"column":18}},"61":{"start":{"line":96,"column":19},"end":{"line":96,"column":46}}},"fnMap":{"0":{"name":"SearchMoviesScreen","decl":{"start":{"line":17,"column":9},"end":{"line":17,"column":27}},"loc":{"start":{"line":17,"column":30},"end":{"line":89,"column":1}},"line":17},"1":{"name":"searchMovies","decl":{"start":{"line":22,"column":30},"end":{"line":22,"column":42}},"loc":{"start":{"line":22,"column":50},"end":{"line":31,"column":104}},"line":22},"2":{"name":"searchMovies$","decl":{"start":{"line":22,"column":127},"end":{"line":22,"column":140}},"loc":{"start":{"line":22,"column":151},"end":{"line":31,"column":74}},"line":22},"3":{"name":"(anonymous_3)","decl":{"start":{"line":35,"column":23},"end":{"line":35,"column":24}},"loc":{"start":{"line":35,"column":46},"end":{"line":35,"column":81}},"line":35},"4":{"name":"handleChangeText","decl":{"start":{"line":39,"column":34},"end":{"line":39,"column":50}},"loc":{"start":{"line":39,"column":64},"end":{"line":44,"column":3}},"line":39},"5":{"name":"handleFavourite","decl":{"start":{"line":51,"column":33},"end":{"line":51,"column":48}},"loc":{"start":{"line":51,"column":56},"end":{"line":54,"column":3}},"line":51},"6":{"name":"handleShare","decl":{"start":{"line":56,"column":29},"end":{"line":56,"column":40}},"loc":{"start":{"line":56,"column":47},"end":{"line":64,"column":3}},"line":56},"7":{"name":"handleTouch","decl":{"start":{"line":65,"column":29},"end":{"line":65,"column":40}},"loc":{"start":{"line":65,"column":43},"end":{"line":66,"column":3}},"line":65},"8":{"name":"renderMovieItem","decl":{"start":{"line":68,"column":33},"end":{"line":68,"column":48}},"loc":{"start":{"line":68,"column":55},"end":{"line":72,"column":137}},"line":68},"9":{"name":"renderEmpty","decl":{"start":{"line":75,"column":29},"end":{"line":75,"column":40}},"loc":{"start":{"line":75,"column":43},"end":{"line":76,"column":245}},"line":75},"10":{"name":"renderItem","decl":{"start":{"line":82,"column":27},"end":{"line":82,"column":37}},"loc":{"start":{"line":82,"column":44},"end":{"line":82,"column":96}},"line":82},"11":{"name":"keyExtractor","decl":{"start":{"line":83,"column":29},"end":{"line":83,"column":41}},"loc":{"start":{"line":83,"column":48},"end":{"line":83,"column":69}},"line":83}},"branchMap":{"0":{"loc":{"start":{"line":22,"column":163},"end":{"line":31,"column":72}},"type":"switch","locations":[{"start":{"line":22,"column":203},"end":{"line":28,"column":76}},{"start":{"line":28,"column":76},"end":{"line":31,"column":30}},{"start":{"line":31,"column":30},"end":{"line":31,"column":37}},{"start":{"line":31,"column":37},"end":{"line":31,"column":71}}],"line":22},"1":{"loc":{"start":{"line":41,"column":4},"end":{"line":43,"column":5}},"type":"if","locations":[{"start":{"line":41,"column":4},"end":{"line":43,"column":5}},{"start":{"line":41,"column":4},"end":{"line":43,"column":5}}],"line":41},"2":{"loc":{"start":{"line":76,"column":177},"end":{"line":76,"column":241}},"type":"cond-expr","locations":[{"start":{"line":76,"column":197},"end":{"line":76,"column":214}},{"start":{"line":76,"column":217},"end":{"line":76,"column":241}}],"line":76}},"s":{"0":1,"1":1,"2":1,"3":1,"4":1,"5":1,"6":1,"7":1,"8":1,"9":1,"10":1,"11":1,"12":1,"13":1,"14":1,"15":1,"16":1,"17":1,"18":1,"19":1,"20":1,"21":1,"22":1,"23":1,"24":1,"25":1,"26":0,"27":0,"28":0,"29":0,"30":0,"31":0,"32":0,"33":0,"34":0,"35":0,"36":0,"37":1,"38":0,"39":1,"40":0,"41":0,"42":0,"43":1,"44":1,"45":0,"46":0,"47":1,"48":0,"49":0,"50":1,"51":1,"52":0,"53":1,"54":1,"55":1,"56":0,"57":0,"58":0,"59":1,"60":1,"61":1},"f":{"0":1,"1":0,"2":0,"3":0,"4":0,"5":0,"6":0,"7":0,"8":0,"9":1,"10":0,"11":0},"b":{"0":[0,0,0,0],"1":[0,0],"2":[0,1]},"inputSourceMap":null,"_coverageSchema":"1a1c01bbd47fc00a2c39e90264f33305004495a9","hash":"45557bbc673322ed3b26176211de6f8c63715909"}
,"/Users/Ansari/Documents/rnprojects/others/UXBERTLabs/src/serviceRequest/apiRequest.js": {"path":"/Users/Ansari/Documents/rnprojects/others/UXBERTLabs/src/serviceRequest/apiRequest.js","statementMap":{"0":{"start":{"line":1,"column":13},"end":{"line":1,"column":75}},"1":{"start":{"line":1,"column":75},"end":{"line":1,"column":100}},"2":{"start":{"line":1,"column":115},"end":{"line":1,"column":135}},"3":{"start":{"line":2,"column":24},"end":{"line":2,"column":53}},"4":{"start":{"line":5,"column":2},"end":{"line":9,"column":13}},"5":{"start":{"line":7,"column":6},"end":{"line":7,"column":44}},"6":{"start":{"line":9,"column":6},"end":{"line":9,"column":12}},"7":{"start":{"line":13,"column":0},"end":{"line":13,"column":10}},"8":{"start":{"line":13,"column":11},"end":{"line":13,"column":38}}},"fnMap":{"0":{"name":"apiRequest","decl":{"start":{"line":4,"column":9},"end":{"line":4,"column":19}},"loc":{"start":{"line":4,"column":42},"end":{"line":11,"column":1}},"line":4}},"branchMap":{"0":{"loc":{"start":{"line":5,"column":2},"end":{"line":9,"column":13}},"type":"switch","locations":[{"start":{"line":6,"column":4},"end":{"line":7,"column":44}},{"start":{"line":8,"column":4},"end":{"line":9,"column":12}}],"line":5}},"s":{"0":1,"1":1,"2":1,"3":1,"4":0,"5":0,"6":0,"7":1,"8":1},"f":{"0":0},"b":{"0":[0,0]},"inputSourceMap":null,"_coverageSchema":"1a1c01bbd47fc00a2c39e90264f33305004495a9","hash":"71a0657c5becb3924ccd2a0156d46b2632a15ad1"}
,"/Users/Ansari/Documents/rnprojects/others/UXBERTLabs/src/serviceRequest/baseConstants.js": {"path":"/Users/Ansari/Documents/rnprojects/others/UXBERTLabs/src/serviceRequest/baseConstants.js","statementMap":{"0":{"start":{"line":1,"column":13},"end":{"line":1,"column":75}},"1":{"start":{"line":1,"column":75},"end":{"line":1,"column":119}},"2":{"start":{"line":1,"column":134},"end":{"line":1,"column":159}},"3":{"start":{"line":1,"column":160},"end":{"line":1,"column":188}},"4":{"start":{"line":2,"column":14},"end":{"line":2,"column":24}},"5":{"start":{"line":2,"column":25},"end":{"line":2,"column":51}}},"fnMap":{},"branchMap":{},"s":{"0":1,"1":1,"2":1,"3":1,"4":1,"5":1},"f":{},"b":{},"inputSourceMap":null,"_coverageSchema":"1a1c01bbd47fc00a2c39e90264f33305004495a9","hash":"803e1231cf18eb83e0c7c0f848444868597cebdc"}
,"/Users/Ansari/Documents/rnprojects/others/UXBERTLabs/src/serviceRequest/request.js": {"path":"/Users/Ansari/Documents/rnprojects/others/UXBERTLabs/src/serviceRequest/request.js","statementMap":{"0":{"start":{"line":1,"column":42},"end":{"line":1,"column":97}},"1":{"start":{"line":1,"column":98},"end":{"line":1,"column":160}},"2":{"start":{"line":1,"column":160},"end":{"line":1,"column":178}},"3":{"start":{"line":1,"column":178},"end":{"line":1,"column":198}},"4":{"start":{"line":1,"column":221},"end":{"line":1,"column":293}},"5":{"start":{"line":1,"column":307},"end":{"line":1,"column":347}},"6":{"start":{"line":2,"column":21},"end":{"line":2,"column":47}},"7":{"start":{"line":2,"column":101},"end":{"line":2,"column":120}},"8":{"start":{"line":2,"column":121},"end":{"line":2,"column":366}},"9":{"start":{"line":2,"column":170},"end":{"line":2,"column":206}},"10":{"start":{"line":2,"column":207},"end":{"line":2,"column":334}},"11":{"start":{"line":2,"column":227},"end":{"line":2,"column":334}},"12":{"start":{"line":2,"column":268},"end":{"line":2,"column":331}},"13":{"start":{"line":2,"column":334},"end":{"line":2,"column":365}},"14":{"start":{"line":2,"column":366},"end":{"line":2,"column":378}},"15":{"start":{"line":2,"column":411},"end":{"line":2,"column":896}},"16":{"start":{"line":2,"column":424},"end":{"line":2,"column":425}},"17":{"start":{"line":2,"column":468},"end":{"line":2,"column":508}},"18":{"start":{"line":2,"column":509},"end":{"line":2,"column":895}},"19":{"start":{"line":2,"column":521},"end":{"line":2,"column":634}},"20":{"start":{"line":2,"column":575},"end":{"line":2,"column":631}},"21":{"start":{"line":2,"column":641},"end":{"line":2,"column":895}},"22":{"start":{"line":2,"column":680},"end":{"line":2,"column":754}},"23":{"start":{"line":2,"column":762},"end":{"line":2,"column":894}},"24":{"start":{"line":2,"column":810},"end":{"line":2,"column":891}},"25":{"start":{"line":2,"column":896},"end":{"line":2,"column":910}},"26":{"start":{"line":4,"column":29},"end":{"line":4,"column":99}},"27":{"start":{"line":4,"column":114},"end":{"line":4,"column":161}},"28":{"start":{"line":5,"column":2},"end":{"line":11,"column":60}},"29":{"start":{"line":16,"column":30},"end":{"line":16,"column":100}},"30":{"start":{"line":16,"column":115},"end":{"line":16,"column":162}},"31":{"start":{"line":17,"column":2},"end":{"line":20,"column":46}}},"fnMap":{"0":{"name":"ownKeys","decl":{"start":{"line":2,"column":57},"end":{"line":2,"column":64}},"loc":{"start":{"line":2,"column":89},"end":{"line":2,"column":379}},"line":2},"1":{"name":"(anonymous_1)","decl":{"start":{"line":2,"column":252},"end":{"line":2,"column":253}},"loc":{"start":{"line":2,"column":267},"end":{"line":2,"column":332}},"line":2},"2":{"name":"_objectSpread","decl":{"start":{"line":2,"column":388},"end":{"line":2,"column":401}},"loc":{"start":{"line":2,"column":410},"end":{"line":2,"column":911}},"line":2},"3":{"name":"(anonymous_3)","decl":{"start":{"line":2,"column":559},"end":{"line":2,"column":560}},"loc":{"start":{"line":2,"column":574},"end":{"line":2,"column":632}},"line":2},"4":{"name":"(anonymous_4)","decl":{"start":{"line":2,"column":794},"end":{"line":2,"column":795}},"loc":{"start":{"line":2,"column":809},"end":{"line":2,"column":892}},"line":2},"5":{"name":"get","decl":{"start":{"line":4,"column":9},"end":{"line":4,"column":12}},"loc":{"start":{"line":4,"column":15},"end":{"line":14,"column":1}},"line":4},"6":{"name":"post","decl":{"start":{"line":16,"column":9},"end":{"line":16,"column":13}},"loc":{"start":{"line":16,"column":16},"end":{"line":23,"column":1}},"line":16}},"branchMap":{"0":{"loc":{"start":{"line":2,"column":121},"end":{"line":2,"column":366}},"type":"if","locations":[{"start":{"line":2,"column":121},"end":{"line":2,"column":366}},{"start":{"line":2,"column":121},"end":{"line":2,"column":366}}],"line":2},"1":{"loc":{"start":{"line":2,"column":207},"end":{"line":2,"column":334}},"type":"if","locations":[{"start":{"line":2,"column":207},"end":{"line":2,"column":334}},{"start":{"line":2,"column":207},"end":{"line":2,"column":334}}],"line":2},"2":{"loc":{"start":{"line":2,"column":468},"end":{"line":2,"column":508}},"type":"cond-expr","locations":[{"start":{"line":2,"column":491},"end":{"line":2,"column":503}},{"start":{"line":2,"column":506},"end":{"line":2,"column":508}}],"line":2},"3":{"loc":{"start":{"line":2,"column":509},"end":{"line":2,"column":895}},"type":"if","locations":[{"start":{"line":2,"column":509},"end":{"line":2,"column":895}},{"start":{"line":2,"column":509},"end":{"line":2,"column":895}}],"line":2},"4":{"loc":{"start":{"line":2,"column":641},"end":{"line":2,"column":895}},"type":"if","locations":[{"start":{"line":2,"column":641},"end":{"line":2,"column":895}},{"start":{"line":2,"column":641},"end":{"line":2,"column":895}}],"line":2},"5":{"loc":{"start":{"line":4,"column":29},"end":{"line":4,"column":99}},"type":"cond-expr","locations":[{"start":{"line":4,"column":82},"end":{"line":4,"column":94}},{"start":{"line":4,"column":97},"end":{"line":4,"column":99}}],"line":4},"6":{"loc":{"start":{"line":4,"column":29},"end":{"line":4,"column":79}},"type":"binary-expr","locations":[{"start":{"line":4,"column":29},"end":{"line":4,"column":49}},{"start":{"line":4,"column":53},"end":{"line":4,"column":79}}],"line":4},"7":{"loc":{"start":{"line":4,"column":114},"end":{"line":4,"column":161}},"type":"cond-expr","locations":[{"start":{"line":4,"column":137},"end":{"line":4,"column":149}},{"start":{"line":4,"column":152},"end":{"line":4,"column":161}}],"line":4},"8":{"loc":{"start":{"line":16,"column":30},"end":{"line":16,"column":100}},"type":"cond-expr","locations":[{"start":{"line":16,"column":83},"end":{"line":16,"column":95}},{"start":{"line":16,"column":98},"end":{"line":16,"column":100}}],"line":16},"9":{"loc":{"start":{"line":16,"column":30},"end":{"line":16,"column":80}},"type":"binary-expr","locations":[{"start":{"line":16,"column":30},"end":{"line":16,"column":50}},{"start":{"line":16,"column":54},"end":{"line":16,"column":80}}],"line":16},"10":{"loc":{"start":{"line":16,"column":115},"end":{"line":16,"column":162}},"type":"cond-expr","locations":[{"start":{"line":16,"column":138},"end":{"line":16,"column":150}},{"start":{"line":16,"column":153},"end":{"line":16,"column":162}}],"line":16}},"s":{"0":1,"1":1,"2":1,"3":1,"4":1,"5":1,"6":1,"7":0,"8":0,"9":0,"10":0,"11":0,"12":0,"13":0,"14":0,"15":0,"16":0,"17":0,"18":0,"19":0,"20":0,"21":0,"22":0,"23":0,"24":0,"25":0,"26":0,"27":0,"28":0,"29":0,"30":0,"31":0},"f":{"0":0,"1":0,"2":0,"3":0,"4":0,"5":0,"6":0},"b":{"0":[0,0],"1":[0,0],"2":[0,0],"3":[0,0],"4":[0,0],"5":[0,0],"6":[0,0],"7":[0,0],"8":[0,0],"9":[0,0],"10":[0,0]},"inputSourceMap":null,"_coverageSchema":"1a1c01bbd47fc00a2c39e90264f33305004495a9","hash":"a0d9ccd4549ab3593deb0f50edc08c312e391786"}
,"/Users/Ansari/Documents/rnprojects/others/UXBERTLabs/src/serviceRequest/serviceConstants.js": {"path":"/Users/Ansari/Documents/rnprojects/others/UXBERTLabs/src/serviceRequest/serviceConstants.js","statementMap":{"0":{"start":{"line":1,"column":13},"end":{"line":1,"column":75}},"1":{"start":{"line":1,"column":75},"end":{"line":1,"column":103}},"2":{"start":{"line":1,"column":120},"end":{"line":1,"column":132}},"3":{"start":{"line":1,"column":133},"end":{"line":1,"column":165}}},"fnMap":{},"branchMap":{},"s":{"0":1,"1":1,"2":1,"3":1},"f":{},"b":{},"inputSourceMap":null,"_coverageSchema":"1a1c01bbd47fc00a2c39e90264f33305004495a9","hash":"5e145870047d4ce9d5771735a17fbde2ee0a4e2e"}
,"/Users/Ansari/Documents/rnprojects/others/UXBERTLabs/src/utils/localStorage.js": {"path":"/Users/Ansari/Documents/rnprojects/others/UXBERTLabs/src/utils/localStorage.js","statementMap":{"0":{"start":{"line":1,"column":42},"end":{"line":1,"column":97}},"1":{"start":{"line":1,"column":98},"end":{"line":1,"column":160}},"2":{"start":{"line":1,"column":160},"end":{"line":1,"column":214}},"3":{"start":{"line":1,"column":240},"end":{"line":1,"column":315}},"4":{"start":{"line":1,"column":335},"end":{"line":1,"column":396}},"5":{"start":{"line":1,"column":417},"end":{"line":1,"column":493}},"6":{"start":{"line":2,"column":14},"end":{"line":27,"column":90}},"7":{"start":{"line":3,"column":45},"end":{"line":6,"column":188}},"8":{"start":{"line":3,"column":108},"end":{"line":6,"column":154}},"9":{"start":{"line":3,"column":119},"end":{"line":6,"column":153}},"10":{"start":{"line":3,"column":166},"end":{"line":3,"column":184}},"11":{"start":{"line":3,"column":184},"end":{"line":3,"column":202}},"12":{"start":{"line":3,"column":202},"end":{"line":5,"column":48}},"13":{"start":{"line":5,"column":55},"end":{"line":5,"column":78}},"14":{"start":{"line":5,"column":78},"end":{"line":6,"column":32}},"15":{"start":{"line":6,"column":39},"end":{"line":6,"column":57}},"16":{"start":{"line":6,"column":57},"end":{"line":6,"column":92}},"17":{"start":{"line":6,"column":92},"end":{"line":6,"column":110}},"18":{"start":{"line":6,"column":129},"end":{"line":6,"column":152}},"19":{"start":{"line":12,"column":50},"end":{"line":15,"column":272}},"20":{"start":{"line":12,"column":114},"end":{"line":15,"column":238}},"21":{"start":{"line":12,"column":125},"end":{"line":15,"column":237}},"22":{"start":{"line":12,"column":174},"end":{"line":12,"column":193}},"23":{"start":{"line":14,"column":12},"end":{"line":14,"column":41}},"24":{"start":{"line":14,"column":41},"end":{"line":14,"column":60}},"25":{"start":{"line":14,"column":60},"end":{"line":15,"column":54}},"26":{"start":{"line":15,"column":61},"end":{"line":15,"column":111}},"27":{"start":{"line":15,"column":118},"end":{"line":15,"column":137}},"28":{"start":{"line":15,"column":137},"end":{"line":15,"column":174}},"29":{"start":{"line":15,"column":174},"end":{"line":15,"column":193}},"30":{"start":{"line":15,"column":212},"end":{"line":15,"column":236}},"31":{"start":{"line":20,"column":57},"end":{"line":27,"column":87}},"32":{"start":{"line":20,"column":122},"end":{"line":27,"column":57}},"33":{"start":{"line":20,"column":133},"end":{"line":27,"column":56}},"34":{"start":{"line":20,"column":182},"end":{"line":20,"column":201}},"35":{"start":{"line":20,"column":201},"end":{"line":21,"column":34}},"36":{"start":{"line":21,"column":41},"end":{"line":21,"column":63}},"37":{"start":{"line":22,"column":12},"end":{"line":27,"column":13}},"38":{"start":{"line":23,"column":14},"end":{"line":23,"column":44}},"39":{"start":{"line":25,"column":14},"end":{"line":25,"column":79}},"40":{"start":{"line":26,"column":14},"end":{"line":26,"column":40}},"41":{"start":{"line":27,"column":31},"end":{"line":27,"column":55}},"42":{"start":{"line":31,"column":25},"end":{"line":31,"column":43}},"43":{"start":{"line":31,"column":44},"end":{"line":31,"column":92}},"44":{"start":{"line":33,"column":0},"end":{"line":33,"column":7}},"45":{"start":{"line":33,"column":8},"end":{"line":33,"column":35}}},"fnMap":{"0":{"name":"getItem","decl":{"start":{"line":3,"column":20},"end":{"line":3,"column":27}},"loc":{"start":{"line":3,"column":33},"end":{"line":6,"column":189}},"line":3},"1":{"name":"getItem$","decl":{"start":{"line":3,"column":88},"end":{"line":3,"column":96}},"loc":{"start":{"line":3,"column":107},"end":{"line":6,"column":155}},"line":3},"2":{"name":"setItem","decl":{"start":{"line":12,"column":20},"end":{"line":12,"column":27}},"loc":{"start":{"line":12,"column":40},"end":{"line":15,"column":273}},"line":12},"3":{"name":"setItem$","decl":{"start":{"line":12,"column":93},"end":{"line":12,"column":101}},"loc":{"start":{"line":12,"column":113},"end":{"line":15,"column":239}},"line":12},"4":{"name":"pushItem","decl":{"start":{"line":20,"column":21},"end":{"line":20,"column":29}},"loc":{"start":{"line":20,"column":42},"end":{"line":27,"column":88}},"line":20},"5":{"name":"pushItem$","decl":{"start":{"line":20,"column":100},"end":{"line":20,"column":109}},"loc":{"start":{"line":20,"column":121},"end":{"line":27,"column":58}},"line":20}},"branchMap":{"0":{"loc":{"start":{"line":3,"column":119},"end":{"line":6,"column":153}},"type":"switch","locations":[{"start":{"line":3,"column":159},"end":{"line":5,"column":48}},{"start":{"line":5,"column":48},"end":{"line":6,"column":32}},{"start":{"line":6,"column":32},"end":{"line":6,"column":110}},{"start":{"line":6,"column":110},"end":{"line":6,"column":118}},{"start":{"line":6,"column":118},"end":{"line":6,"column":152}}],"line":3},"1":{"loc":{"start":{"line":12,"column":125},"end":{"line":15,"column":237}},"type":"switch","locations":[{"start":{"line":12,"column":167},"end":{"line":15,"column":54}},{"start":{"line":15,"column":54},"end":{"line":15,"column":111}},{"start":{"line":15,"column":111},"end":{"line":15,"column":193}},{"start":{"line":15,"column":193},"end":{"line":15,"column":201}},{"start":{"line":15,"column":201},"end":{"line":15,"column":236}}],"line":12},"2":{"loc":{"start":{"line":20,"column":133},"end":{"line":27,"column":56}},"type":"switch","locations":[{"start":{"line":20,"column":175},"end":{"line":21,"column":34}},{"start":{"line":21,"column":34},"end":{"line":27,"column":13}},{"start":{"line":27,"column":13},"end":{"line":27,"column":20}},{"start":{"line":27,"column":20},"end":{"line":27,"column":55}}],"line":20},"3":{"loc":{"start":{"line":22,"column":12},"end":{"line":27,"column":13}},"type":"if","locations":[{"start":{"line":22,"column":12},"end":{"line":27,"column":13}},{"start":{"line":22,"column":12},"end":{"line":27,"column":13}}],"line":22},"4":{"loc":{"start":{"line":22,"column":16},"end":{"line":22,"column":51}},"type":"binary-expr","locations":[{"start":{"line":22,"column":16},"end":{"line":22,"column":29}},{"start":{"line":22,"column":33},"end":{"line":22,"column":51}}],"line":22}},"s":{"0":1,"1":1,"2":1,"3":1,"4":1,"5":1,"6":1,"7":0,"8":0,"9":0,"10":0,"11":0,"12":0,"13":0,"14":0,"15":0,"16":0,"17":0,"18":0,"19":0,"20":0,"21":0,"22":0,"23":0,"24":0,"25":0,"26":0,"27":0,"28":0,"29":0,"30":0,"31":0,"32":0,"33":0,"34":0,"35":0,"36":0,"37":0,"38":0,"39":0,"40":0,"41":0,"42":1,"43":1,"44":1,"45":1},"f":{"0":0,"1":0,"2":0,"3":0,"4":0,"5":0},"b":{"0":[0,0,0,0,0],"1":[0,0,0,0,0],"2":[0,0,0,0],"3":[0,0],"4":[0,0]},"inputSourceMap":null,"_coverageSchema":"1a1c01bbd47fc00a2c39e90264f33305004495a9","hash":"1209c6805456d65acee7e072d5f42c9736847e2c"}
}
