TN:
SF:src/assets/colors.js
FNF:0
FNH:0
DA:1,1
DA:3,1
LF:2
LH:2
BRF:0
BRH:0
end_of_record
TN:
SF:src/commonComponents/GButton.js
FN:10,_default
FNF:1
FNH:0
FNDA:0,_default
DA:1,1
DA:3,1
DA:8,1
DA:10,1
DA:12,1
DA:16,1
LF:6
LH:6
BRF:0
BRH:0
end_of_record
TN:
SF:src/commonComponents/GMovieCard.js
FN:12,_default
FN:21,onPress
FNF:2
FNH:0
FNDA:0,_default
FNDA:0,onPress
DA:1,1
DA:3,1
DA:10,1
DA:12,1
DA:21,1
DA:26,1
LF:6
LH:6
BRDA:20,0,0,0
BRDA:20,0,1,0
BRF:2
BRH:0
end_of_record
TN:
SF:src/commonComponents/GSearchBox.js
FN:12,_default
FNF:1
FNH:1
FNDA:1,_default
DA:1,1
DA:3,1
DA:5,1
DA:10,1
DA:12,1
DA:21,1
DA:26,1
LF:7
LH:7
BRF:0
BRH:0
end_of_record
TN:
SF:src/commonComponents/index.js
FN:1,get
FN:1,get
FN:1,get
FN:1,get
FNF:4
FNH:1
FNDA:0,get
FNDA:1,get
FNDA:0,get
FNDA:0,get
DA:1,1
DA:2,1
DA:3,1
DA:4,1
LF:4
LH:4
BRF:0
BRH:0
end_of_record
TN:
SF:src/commonComponents/withFavGMovieCard.js
FN:7,withFavouriteMovieCard
FN:8,(anonymous_1)
FNF:2
FNH:0
FNDA:0,withFavouriteMovieCard
FNDA:0,(anonymous_1)
DA:1,1
DA:2,1
DA:5,1
DA:7,1
DA:8,0
DA:9,0
DA:16,1
LF:7
LH:5
BRF:0
BRH:0
end_of_record
TN:
SF:src/screens/SearchMovies.js
FN:17,SearchMoviesScreen
FN:22,searchMovies
FN:22,searchMovies$
FN:35,(anonymous_3)
FN:39,handleChangeText
FN:51,handleFavourite
FN:56,handleShare
FN:65,handleTouch
FN:68,renderMovieItem
FN:75,renderEmpty
FN:82,renderItem
FN:83,keyExtractor
FNF:12
FNH:2
FNDA:1,SearchMoviesScreen
FNDA:0,searchMovies
FNDA:0,searchMovies$
FNDA:0,(anonymous_3)
FNDA:0,handleChangeText
FNDA:0,handleFavourite
FNDA:0,handleShare
FNDA:0,handleTouch
FNDA:0,renderMovieItem
FNDA:1,renderEmpty
FNDA:0,renderItem
FNDA:0,keyExtractor
DA:1,1
DA:2,1
DA:9,1
DA:10,1
DA:11,1
DA:12,1
DA:13,1
DA:14,1
DA:15,1
DA:17,1
DA:19,1
DA:20,1
DA:22,1
DA:23,0
DA:26,0
DA:28,0
DA:29,0
DA:30,0
DA:31,0
DA:34,1
DA:35,0
DA:39,1
DA:40,0
DA:41,0
DA:42,0
DA:46,1
DA:51,1
DA:52,0
DA:53,0
DA:56,1
DA:57,0
DA:63,0
DA:65,1
DA:68,1
DA:75,1
DA:79,1
DA:82,0
DA:83,0
DA:91,1
DA:96,1
LF:40
LH:24
BRDA:22,0,0,0
BRDA:22,0,1,0
BRDA:22,0,2,0
BRDA:22,0,3,0
BRDA:41,1,0,0
BRDA:41,1,1,0
BRDA:76,2,0,0
BRDA:76,2,1,1
BRF:8
BRH:1
end_of_record
TN:
SF:src/serviceRequest/apiRequest.js
FN:4,apiRequest
FNF:1
FNH:0
FNDA:0,apiRequest
DA:1,1
DA:2,1
DA:5,0
DA:7,0
DA:9,0
DA:13,1
LF:6
LH:3
BRDA:5,0,0,0
BRDA:5,0,1,0
BRF:2
BRH:0
end_of_record
TN:
SF:src/serviceRequest/baseConstants.js
FNF:0
FNH:0
DA:1,1
DA:2,1
LF:2
LH:2
BRF:0
BRH:0
end_of_record
TN:
SF:src/serviceRequest/request.js
FN:2,ownKeys
FN:2,(anonymous_1)
FN:2,_objectSpread
FN:2,(anonymous_3)
FN:2,(anonymous_4)
FN:4,get
FN:16,post
FNF:7
FNH:0
FNDA:0,ownKeys
FNDA:0,(anonymous_1)
FNDA:0,_objectSpread
FNDA:0,(anonymous_3)
FNDA:0,(anonymous_4)
FNDA:0,get
FNDA:0,post
DA:1,1
DA:2,1
DA:4,0
DA:5,0
DA:16,0
DA:17,0
LF:6
LH:2
BRDA:2,0,0,0
BRDA:2,0,1,0
BRDA:2,1,0,0
BRDA:2,1,1,0
BRDA:2,2,0,0
BRDA:2,2,1,0
BRDA:2,3,0,0
BRDA:2,3,1,0
BRDA:2,4,0,0
BRDA:2,4,1,0
BRDA:4,5,0,0
BRDA:4,5,1,0
BRDA:4,6,0,0
BRDA:4,6,1,0
BRDA:4,7,0,0
BRDA:4,7,1,0
BRDA:16,8,0,0
BRDA:16,8,1,0
BRDA:16,9,0,0
BRDA:16,9,1,0
BRDA:16,10,0,0
BRDA:16,10,1,0
BRF:22
BRH:0
end_of_record
TN:
SF:src/serviceRequest/serviceConstants.js
FNF:0
FNH:0
DA:1,1
LF:1
LH:1
BRF:0
BRH:0
end_of_record
TN:
SF:src/utils/localStorage.js
FN:3,getItem
FN:3,getItem$
FN:12,setItem
FN:12,setItem$
FN:20,pushItem
FN:20,pushItem$
FNF:6
FNH:0
FNDA:0,getItem
FNDA:0,getItem$
FNDA:0,setItem
FNDA:0,setItem$
FNDA:0,pushItem
FNDA:0,pushItem$
DA:1,1
DA:2,1
DA:3,0
DA:5,0
DA:6,0
DA:12,0
DA:14,0
DA:15,0
DA:20,0
DA:21,0
DA:22,0
DA:23,0
DA:25,0
DA:26,0
DA:27,0
DA:31,1
DA:33,1
LF:17
LH:4
BRDA:3,0,0,0
BRDA:3,0,1,0
BRDA:3,0,2,0
BRDA:3,0,3,0
BRDA:3,0,4,0
BRDA:12,1,0,0
BRDA:12,1,1,0
BRDA:12,1,2,0
BRDA:12,1,3,0
BRDA:12,1,4,0
BRDA:20,2,0,0
BRDA:20,2,1,0
BRDA:20,2,2,0
BRDA:20,2,3,0
BRDA:22,3,0,0
BRDA:22,3,1,0
BRDA:22,4,0,0
BRDA:22,4,1,0
BRF:18
BRH:0
end_of_record
